FCC ID Scanner/app/build/intermediates/manifest_merge_blame_file/debug/manifest-merger-blame-debug-report.txt
1<?xml version="1.0" encoding="utf-8"?>
2<manifest xmlns:android="http://schemas.android.com/apk/res/android"
3    package="com.google.android.gms.samples.vision.ocrreader"
4    android:installLocation="auto"
5    android:versionCode="1"
6    android:versionName="1.0" >
7
8    <uses-sdk
9        android:minSdkVersion="21"
9-->src\main\AndroidManifest.xml
10        android:targetSdkVersion="27" />
10-->src\main\AndroidManifest.xml
11
12    <uses-feature android:name="android.hardware.camera" />
12-->src\main\AndroidManifest.xml:6:5-60
12-->src\main\AndroidManifest.xml:6:19-57
13
14    <uses-permission android:name="android.permission.CAMERA" />
14-->src\main\AndroidManifest.xml:8:5-65
14-->src\main\AndroidManifest.xml:8:22-62
15    <uses-permission android:name="android.permission.INTERNET" >
15-->src\main\AndroidManifest.xml:35:5-36:23
15-->src\main\AndroidManifest.xml:35:22-64
16    </uses-permission>
17
18    <application
18-->src\main\AndroidManifest.xml:10:5-34:19
19        android:allowBackup="true"
19-->src\main\AndroidManifest.xml:11:9-35
20        android:debuggable="true"
21        android:fullBackupContent="false"
21-->src\main\AndroidManifest.xml:12:9-42
22        android:hardwareAccelerated="true"
22-->src\main\AndroidManifest.xml:13:9-43
23        android:icon="@drawable/icon"
23-->src\main\AndroidManifest.xml:14:9-38
24        android:label="FCC ID Scanner"
24-->src\main\AndroidManifest.xml:15:9-39
25        android:supportsRtl="true"
25-->src\main\AndroidManifest.xml:16:9-35
26        android:theme="@style/Theme.AppCompat" >
26-->src\main\AndroidManifest.xml:17:9-47
27        <meta-data
27-->src\main\AndroidManifest.xml:19:9-21:69
28            android:name="com.google.android.gms.version"
28-->src\main\AndroidManifest.xml:20:13-58
29            android:value="@integer/google_play_services_version" />
29-->src\main\AndroidManifest.xml:21:13-66
30        <meta-data
30-->src\main\AndroidManifest.xml:22:9-24:35
31            android:name="com.google.android.gms.vision.DEPENDENCIES"
31-->src\main\AndroidManifest.xml:23:13-70
32            android:value="ocr" />
32-->src\main\AndroidManifest.xml:24:13-32
33
34        <activity
34-->src\main\AndroidManifest.xml:26:9-33:20
35            android:name="com.google.android.gms.samples.vision.ocrreader.OcrCaptureActivity"
35-->src\main\AndroidManifest.xml:28:13-47
36            android:label="FCC ID Scanner" >
36-->src\main\AndroidManifest.xml:27:13-43
37            <intent-filter>
37-->src\main\AndroidManifest.xml:29:13-32:29
38                <action android:name="android.intent.action.MAIN" />
38-->src\main\AndroidManifest.xml:30:17-69
38-->src\main\AndroidManifest.xml:30:25-66
39
40                <category android:name="android.intent.category.LAUNCHER" />
40-->src\main\AndroidManifest.xml:31:17-77
40-->src\main\AndroidManifest.xml:31:27-74
41            </intent-filter>
42        </activity>
43
44        <meta-data
44-->[com.android.support:design:26.1.0] AndroidManifest.xml:26:9-28:38
45            android:name="android.support.VERSION"
45-->[com.android.support:design:26.1.0] AndroidManifest.xml:27:13-51
46            android:value="26.1.0" />
46-->[com.android.support:design:26.1.0] AndroidManifest.xml:28:13-35
47
48        <activity
48-->[com.google.android.gms:play-services-base:15.0.1] AndroidManifest.xml:23:9-26:75
49            android:name="com.google.android.gms.common.api.GoogleApiActivity"
49-->[com.google.android.gms:play-services-base:15.0.1] AndroidManifest.xml:24:13-79
50            android:exported="false"
50-->[com.google.android.gms:play-services-base:15.0.1] AndroidManifest.xml:25:13-37
51            android:theme="@android:style/Theme.Translucent.NoTitleBar" />
51-->[com.google.android.gms:play-services-base:15.0.1] AndroidManifest.xml:26:13-72
52
53        <meta-data
53-->[android.arch.lifecycle:runtime:1.0.0] AndroidManifest.xml:25:9-27:47
54            android:name="android.arch.lifecycle.VERSION"
54-->[android.arch.lifecycle:runtime:1.0.0] AndroidManifest.xml:26:13-58
55            android:value="27.0.0-SNAPSHOT" />
55-->[android.arch.lifecycle:runtime:1.0.0] AndroidManifest.xml:27:13-44
56    </application>
57
58</manifest>